TLC2 Version 2.19 of 08 August 2024 (rev: 5a47802)
Running breadth-first search Model-Checking with fp 58 and seed -261575559758558190 with 16 workers on 16 cores with 27300MB heap and 64MB offheap memory [pid: 94688] (Mac OS X 26.5.1 aarch64, Homebrew 17.0.19 x86_64, MSBDiskFPSet, DiskStateQueue).
Parsing file spec/tla/CacheConsistency.tla
Parsing file /private/var/folders/_f/yp39_pl932l59d2ckz60rnq00000gn/T/Naturals.tla
Parsing file /private/var/folders/_f/yp39_pl932l59d2ckz60rnq00000gn/T/FiniteSets.tla
Parsing file /private/var/folders/_f/yp39_pl932l59d2ckz60rnq00000gn/T/Sequences.tla
Parsing file /private/var/folders/_f/yp39_pl932l59d2ckz60rnq00000gn/T/TLC.tla
Semantic processing of module Naturals
Semantic processing of module Sequences
Semantic processing of module FiniteSets
Semantic processing of module TLC
Semantic processing of module CacheConsistency
Starting... (2026-06-10 06:21:41)
Computing initial states...
Finished computing initial states: 1 distinct state generated at 2026-06-10 06:21:41.
Error: Invariant CacheKeyDeterminism is violated.
Error: The behavior up to this point is:
State 1: <Initial predicate>
/\ cached_seen = {}
/\ computed = {}
/\ wkey = (w1 :> 0 @@ w2 :> 0)
/\ register_log = <<>>
/\ claim = (w1 :> NoClaim @@ w2 :> NoClaim)
/\ materialized = {}

State 2: <Claim line 77, col 5 to line 81, col 78 of module CacheConsistency>
/\ cached_seen = {}
/\ computed = {}
/\ wkey = (w1 :> 0 @@ w2 :> 0)
/\ register_log = <<>>
/\ claim = (w1 :> r1 @@ w2 :> NoClaim)
/\ materialized = {}

State 3: <Materialize line 89, col 5 to line 95, col 55 of module CacheConsistency>
/\ cached_seen = {}
/\ computed = {<<r1, 1>>}
/\ wkey = (w1 :> 1 @@ w2 :> 0)
/\ register_log = <<>>
/\ claim = (w1 :> r1 @@ w2 :> NoClaim)
/\ materialized = {<<w1, r1>>}

State 4: <WorkerCrash line 120, col 5 to line 124, col 58 of module CacheConsistency>
/\ cached_seen = {}
/\ computed = {<<r1, 1>>}
/\ wkey = (w1 :> 0 @@ w2 :> 0)
/\ register_log = <<>>
/\ claim = (w1 :> NoClaim @@ w2 :> NoClaim)
/\ materialized = {}

State 5: <Claim line 77, col 5 to line 81, col 78 of module CacheConsistency>
/\ cached_seen = {}
/\ computed = {<<r1, 1>>}
/\ wkey = (w1 :> 0 @@ w2 :> 0)
/\ register_log = <<>>
/\ claim = (w1 :> r1 @@ w2 :> NoClaim)
/\ materialized = {}

State 6: <Materialize line 89, col 5 to line 95, col 55 of module CacheConsistency>
/\ cached_seen = {}
/\ computed = {<<r1, 1>>, <<r1, 2>>}
/\ wkey = (w1 :> 2 @@ w2 :> 0)
/\ register_log = <<>>
/\ claim = (w1 :> r1 @@ w2 :> NoClaim)
/\ materialized = {<<w1, r1>>}

258 states generated, 133 distinct states found, 91 states left on queue.
The depth of the complete state graph search is 7.
The average outdegree of the complete state graph is 4 (minimum is 1, the maximum 6 and the 95th percentile is 6).
Finished in 00s at (2026-06-10 06:21:41)
